# JRE version: OpenJDK Runtime Environment Temurin-21.0.8+9 (21.0.8+9) (build 21.0.8+9-LTS)
# Java VM: OpenJDK 64-Bit Server VM Temurin-21.0.8+9 (21.0.8+9-LTS, mixed mode, emulated-client, sharing, tiered, compressed oops, compressed class ptrs, g1 gc, windows-amd64)
GC Precious Log:
 CardTable entry size: 512
 Card Set container configuration: InlinePtr #cards 5 size 8 Array Of Cards #cards 12 size 40 Howl #buckets 4 coarsen threshold 1843 Howl Bitmap #cards 512 size 80 coarsen threshold 460 Card regions per heap region 1 cards per card region 2048
 CPUs: 16 total, 16 available
 Memory: 16052M
 Large Page Support: Disabled
 NUMA Support: Disabled
 Compressed Oops: Enabled (32-bit)
 Heap Region Size: 1M
 Heap Min Capacity: 8M
 Heap Initial Capacity: 252M
 Heap Max Capacity: 1G
 Pre-touch: Disabled
 Parallel Workers: 13
 Concurrent Workers: 3
 Concurrent Refinement Workers: 13
 Periodic GC: Disabled
Heap:
 garbage-first heap   total 97280K, used 47452K [0x00000000c0000000, 0x0000000100000000)
  region size 1024K, 1 young (1024K), 0 survivors (0K)
 Metaspace       used 57584K, committed 58368K, reserved 1114112K
  class space    used 7278K, committed 7616K, reserved 1048576K
GC Heap History (20 events):
Event: 8012.119 GC heap after
{Heap after GC invocations=447 (full 376):
 garbage-first heap   total 97280K, used 47452K [0x00000000c0000000, 0x0000000100000000)
  region size 1024K, 0 young (0K), 0 survivors (0K)
 Metaspace       used 57584K, committed 58368K, reserved 1114112K
  class space    used 7278K, committed 7616K, reserved 1048576K
}
Event: 8022.479 GC heap before
{Heap before GC invocations=447 (full 376):
 garbage-first heap   total 97280K, used 47452K [0x00000000c0000000, 0x0000000100000000)
  region size 1024K, 1 young (1024K), 0 survivors (0K)
 Metaspace       used 57584K, committed 58368K, reserved 1114112K
  class space    used 7278K, committed 7616K, reserved 1048576K
}
Event: 8022.522 GC heap after
{Heap after GC invocations=448 (full 377):
 garbage-first heap   total 97280K, used 47452K [0x00000000c0000000, 0x0000000100000000)
  region size 1024K, 0 young (0K), 0 survivors (0K)
 Metaspace       used 57584K, committed 58368K, reserved 1114112K
  class space    used 7278K, committed 7616K, reserved 1048576K
}
Event: 8032.977 GC heap before
{Heap before GC invocations=448 (full 377):
 garbage-first heap   total 97280K, used 47452K [0x00000000c0000000, 0x0000000100000000)
  region size 1024K, 1 young (1024K), 0 survivors (0K)
 Metaspace       used 57584K, committed 58368K, reserved 1114112K
  class space    used 7278K, committed 7616K, reserved 1048576K
}
Event: 8033.024 GC heap after
{Heap after GC invocations=449 (full 378):
 garbage-first heap   total 97280K, used 47452K [0x00000000c0000000, 0x0000000100000000)
  region size 1024K, 0 young (0K), 0 survivors (0K)
 Metaspace       used 57584K, committed 58368K, reserved 1114112K
  class space    used 7278K, committed 7616K, reserved 1048576K
}
Event: 8043.367 GC heap before
{Heap before GC invocations=449 (full 378):
 garbage-first heap   total 97280K, used 47452K [0x00000000c0000000, 0x0000000100000000)
  region size 1024K, 1 young (1024K), 0 survivors (0K)
 Metaspace       used 57584K, committed 58368K, reserved 1114112K
  class space    used 7278K, committed 7616K, reserved 1048576K
}
Event: 8043.434 GC heap after
{Heap after GC invocations=450 (full 379):
 garbage-first heap   total 97280K, used 47452K [0x00000000c0000000, 0x0000000100000000)
  region size 1024K, 0 young (0K), 0 survivors (0K)
 Metaspace       used 57584K, committed 58368K, reserved 1114112K
  class space    used 7278K, committed 7616K, reserved 1048576K
}
Event: 8053.842 GC heap before
{Heap before GC invocations=450 (full 379):
 garbage-first heap   total 97280K, used 47452K [0x00000000c0000000, 0x0000000100000000)
  region size 1024K, 1 young (1024K), 0 survivors (0K)
 Metaspace       used 57584K, committed 58368K, reserved 1114112K
  class space    used 7278K, committed 7616K, reserved 1048576K
}
Event: 8053.910 GC heap after
{Heap after GC invocations=451 (full 380):
 garbage-first heap   total 97280K, used 47452K [0x00000000c0000000, 0x0000000100000000)
  region size 1024K, 0 young (0K), 0 survivors (0K)
 Metaspace       used 57584K, committed 58368K, reserved 1114112K
  class space    used 7278K, committed 7616K, reserved 1048576K
}
Event: 8064.319 GC heap before
{Heap before GC invocations=451 (full 380):
 garbage-first heap   total 97280K, used 47452K [0x00000000c0000000, 0x0000000100000000)
  region size 1024K, 1 young (1024K), 0 survivors (0K)
 Metaspace       used 57584K, committed 58368K, reserved 1114112K
  class space    used 7278K, committed 7616K, reserved 1048576K
}
Event: 8064.376 GC heap after
{Heap after GC invocations=452 (full 381):
 garbage-first heap   total 97280K, used 47452K [0x00000000c0000000, 0x0000000100000000)
  region size 1024K, 0 young (0K), 0 survivors (0K)
 Metaspace       used 57584K, committed 58368K, reserved 1114112K
  class space    used 7278K, committed 7616K, reserved 1048576K
}
Event: 8074.812 GC heap before
{Heap before GC invocations=452 (full 381):
 garbage-first heap   total 97280K, used 47452K [0x00000000c0000000, 0x0000000100000000)
  region size 1024K, 1 young (1024K), 0 survivors (0K)
 Metaspace       used 57584K, committed 58368K, reserved 1114112K
  class space    used 7278K, committed 7616K, reserved 1048576K
}
Event: 8074.884 GC heap after
{Heap after GC invocations=453 (full 382):
 garbage-first heap   total 97280K, used 47452K [0x00000000c0000000, 0x0000000100000000)
  region size 1024K, 0 young (0K), 0 survivors (0K)
 Metaspace       used 57584K, committed 58368K, reserved 1114112K
  class space    used 7278K, committed 7616K, reserved 1048576K
}
Event: 8085.302 GC heap before
{Heap before GC invocations=453 (full 382):
 garbage-first heap   total 97280K, used 47452K [0x00000000c0000000, 0x0000000100000000)
  region size 1024K, 1 young (1024K), 0 survivors (0K)
 Metaspace       used 57584K, committed 58368K, reserved 1114112K
  class space    used 7278K, committed 7616K, reserved 1048576K
}
Event: 8085.366 GC heap after
{Heap after GC invocations=454 (full 383):
 garbage-first heap   total 97280K, used 47452K [0x00000000c0000000, 0x0000000100000000)
  region size 1024K, 0 young (0K), 0 survivors (0K)
 Metaspace       used 57584K, committed 58368K, reserved 1114112K
  class space    used 7278K, committed 7616K, reserved 1048576K
}
Event: 8095.774 GC heap before
{Heap before GC invocations=454 (full 383):
 garbage-first heap   total 97280K, used 47452K [0x00000000c0000000, 0x0000000100000000)
  region size 1024K, 1 young (1024K), 0 survivors (0K)
 Metaspace       used 57584K, committed 58368K, reserved 1114112K
  class space    used 7278K, committed 7616K, reserved 1048576K
}
Event: 8095.845 GC heap after
{Heap after GC invocations=455 (full 384):
 garbage-first heap   total 97280K, used 47452K [0x00000000c0000000, 0x0000000100000000)
  region size 1024K, 0 young (0K), 0 survivors (0K)
 Metaspace       used 57584K, committed 58368K, reserved 1114112K
  class space    used 7278K, committed 7616K, reserved 1048576K
}
Event: 8106.318 GC heap before
{Heap before GC invocations=455 (full 384):
 garbage-first heap   total 97280K, used 47452K [0x00000000c0000000, 0x0000000100000000)
  region size 1024K, 1 young (1024K), 0 survivors (0K)
 Metaspace       used 57584K, committed 58368K, reserved 1114112K
  class space    used 7278K, committed 7616K, reserved 1048576K
}
Event: 8106.392 GC heap after
{Heap after GC invocations=456 (full 385):
 garbage-first heap   total 97280K, used 47452K [0x00000000c0000000, 0x0000000100000000)
  region size 1024K, 0 young (0K), 0 survivors (0K)
 Metaspace       used 57584K, committed 58368K, reserved 1114112K
  class space    used 7278K, committed 7616K, reserved 1048576K
}
Event: 8116.526 GC heap before
{Heap before GC invocations=456 (full 385):
 garbage-first heap   total 97280K, used 47452K [0x00000000c0000000, 0x0000000100000000)
  region size 1024K, 1 young (1024K), 0 survivors (0K)
 Metaspace       used 57584K, committed 58368K, reserved 1114112K
  class space    used 7278K, committed 7616K, reserved 1048576K
}

